<?xml version="1.0" encoding="UTF-8"?>
<!-- Generated by org.testng.reporters.JUnitReportReporter -->
<testsuite hostname="Y0141-HASEENA-SHAIK-WIN11" failures="0" tests="1" name="test.NewCandidateTest" time="121.597" errors="0" timestamp="2025-07-07T17:40:51 IST" skipped="0">
  <testcase classname="test.NewCandidateTest" name="createNewCandidate" time="121.597"/>
</testsuite> <!-- test.NewCandidateTest -->
