<?xml version="1.0" encoding="UTF-8"?>
<!-- Generated by org.testng.reporters.JUnitReportReporter -->
<testsuite hostname="Y0141-HASEENA-SHAIK-WIN11" failures="0" tests="1" name="test.HomeTest" time="21.055" errors="0" timestamp="2025-06-16T15:04:01 IST" skipped="0">
  <testcase classname="test.HomeTest" name="homeNavigation" time="21.055"/>
</testsuite> <!-- test.HomeTest -->
