<?xml version="1.0" encoding="UTF-8"?>
<!-- Generated by org.testng.reporters.JUnitReportReporter -->
<testsuite hostname="SAI-PRATHYUSHA-10" failures="0" tests="1" name="test.EditDemandTest" time="46.893" errors="0" timestamp="2025-07-29T11:25:57 IST" skipped="0">
  <testcase classname="test.EditDemandTest" name="editExistingDemand" time="46.893"/>
</testsuite> <!-- test.EditDemandTest -->
