<?xml version="1.0" encoding="UTF-8"?>
<!-- Generated by org.testng.reporters.JUnitReportReporter -->
<testsuite hostname="Y0141-HASEENA-SHAIK-WIN11" failures="0" tests="3" name="extentReports.ExtentReportManager" time="5.355" errors="0" timestamp="2025-06-13T14:47:47 IST" skipped="0">
  <testcase classname="extentReports.ExtentReportManager" name="username" time="0.743"/>
  <testcase classname="extentReports.ExtentReportManager" name="password" time="0.255"/>
  <testcase classname="extentReports.ExtentReportManager" name="login" time="4.357"/>
</testsuite> <!-- extentReports.ExtentReportManager -->
