<?xml version="1.0" encoding="UTF-8"?>
<!-- Generated by org.testng.reporters.JUnitReportReporter -->
<testsuite hostname="Yexle-Y0149" failures="0" tests="1" name="test.HomeTest" time="12.387" errors="0" timestamp="2025-05-27T12:21:04 IST" skipped="0">
  <testcase classname="test.HomeTest" name="homeNavigation" time="12.387"/>
</testsuite> <!-- test.HomeTest -->
