<?xml version="1.0" encoding="UTF-8"?>
<!-- Generated by org.testng.reporters.JUnitReportReporter -->
<testsuite hostname="Yexle-Y0149" failures="0" tests="1" name="test.NewDemandTest" time="119.406" errors="0" timestamp="2025-06-12T14:05:00 IST" skipped="0">
  <testcase classname="test.NewDemandTest" name="CreateNewDemand_HR" time="119.406"/>
</testsuite> <!-- test.NewDemandTest -->
